<?xml version="1.0" encoding="UTF-8"?>
<testsuite xmlns:xsi="http://www.w3.org/2001/XMLSchema-instance" xsi:noNamespaceSchemaLocation="https://maven.apache.org/surefire/maven-surefire-plugin/xsd/surefire-test-report-3.0.xsd" version="3.0" name="Bank.System.ChatbotNavigationTest" time="0.203" tests="2" errors="0" skipped="0" failures="0">
  <properties>
[...]
</properties>
  <testcase name="menusExposeChatAsTheirLastOption" classname="Bank.System.ChatbotNavigationTest" time="0.004"/>
  <testcase name="clearBlankAndBackReturnToEachOriginWithoutCallingOllama" classname="Bank.System.ChatbotNavigationTest" time="0.197"/>
</testsuite>